<?xml version="1.0" encoding="UTF-8"?>
<testsuite xmlns:xsi="http://www.w3.org/2001/XMLSchema-instance" xsi:noNamespaceSchemaLocation="https://maven.apache.org/surefire/maven-surefire-plugin/xsd/surefire-test-report.xsd" name="lapr.project.controller.BaseControllerTest" time="2.481" tests="65" errors="0" skipped="0" failures="0">
  <properties>
[...]
</properties>
  <testcase name="testAdicionarDroneNotOk" classname="lapr.project.controller.BaseControllerTest" time="1.753"/>
  <testcase name="testGetAllParques" classname="lapr.project.controller.BaseControllerTest" time="0.06"/>
  <testcase name="testLoginAdminEmpty" classname="lapr.project.controller.BaseControllerTest" time="0.079"/>
  <testcase name="testLoginUtilizadorEmailEmpty" classname="lapr.project.controller.BaseControllerTest" time="0.005"/>
  <testcase name="testLoginAdminNotOk" classname="lapr.project.controller.BaseControllerTest" time="0.003"/>
  <testcase name="testGetAllArtigos" classname="lapr.project.controller.BaseControllerTest" time="0.096"/>
  <testcase name="testNovoEstafeta" classname="lapr.project.controller.BaseControllerTest" time="0.006"/>
  <testcase name="testAtualizarScooter" classname="lapr.project.controller.BaseControllerTest" time="0.082"/>
  <testcase name="testLoginUtilizadorPasswordEmpty" classname="lapr.project.controller.BaseControllerTest" time="0"/>
  <testcase name="testValidarAdminEmptyEmail" classname="lapr.project.controller.BaseControllerTest" time="0.002"/>
  <testcase name="testRemoverScooterNotOk" classname="lapr.project.controller.BaseControllerTest" time="0.003"/>
  <testcase name="testValidarAdminNotOk" classname="lapr.project.controller.BaseControllerTest" time="0.001"/>
  <testcase name="testTransferirProduto" classname="lapr.project.controller.BaseControllerTest" time="0.003"/>
  <testcase name="testGetEncomendasPendentes" classname="lapr.project.controller.BaseControllerTest" time="0.054"/>
  <testcase name="testGetEmailClienteByEncomenda" classname="lapr.project.controller.BaseControllerTest" time="0.067"/>
  <testcase name="testNovoCliente" classname="lapr.project.controller.BaseControllerTest" time="0.004"/>
  <testcase name="testLoginAdminPasswordEmpty" classname="lapr.project.controller.BaseControllerTest" time="0.007"/>
  <testcase name="testGetLocalFarmaciaById" classname="lapr.project.controller.BaseControllerTest" time="0.039"/>
  <testcase name="testGetScooterParaEntrega" classname="lapr.project.controller.BaseControllerTest" time="0.004"/>
  <testcase name="testAtualizarDroneNotOk" classname="lapr.project.controller.BaseControllerTest" time="0.003"/>
  <testcase name="testTransferirProdutoNotOk" classname="lapr.project.controller.BaseControllerTest" time="0.002"/>
  <testcase name="testGetDroneByNrRegisto" classname="lapr.project.controller.BaseControllerTest" time="0.002"/>
  <testcase name="testAtualizarFarmaciaNotOk" classname="lapr.project.controller.BaseControllerTest" time="0.005"/>
  <testcase name="testRemoverFarmaciaNotOk" classname="lapr.project.controller.BaseControllerTest" time="0.007"/>
  <testcase name="testGetScooterByMatricula" classname="lapr.project.controller.BaseControllerTest" time="0.003"/>
  <testcase name="testUpdateStockArtigo" classname="lapr.project.controller.BaseControllerTest" time="0.002"/>
  <testcase name="testLoginUtilizador" classname="lapr.project.controller.BaseControllerTest" time="0.002"/>
  <testcase name="testLoginUtilizadorEmpty" classname="lapr.project.controller.BaseControllerTest" time="0.004"/>
  <testcase name="testLoginUtilizadorNotOk" classname="lapr.project.controller.BaseControllerTest" time="0.003"/>
  <testcase name="testGetScooterById" classname="lapr.project.controller.BaseControllerTest" time="0.001"/>
  <testcase name="testUpdateStockArtigoNotOk" classname="lapr.project.controller.BaseControllerTest" time="0.011"/>
  <testcase name="testAdicionarScooterNotOk" classname="lapr.project.controller.BaseControllerTest" time="0.001"/>
  <testcase name="testNovoClienteNotOk" classname="lapr.project.controller.BaseControllerTest" time="0.002"/>
  <testcase name="testUpdateCapacidadeParqueNotOk" classname="lapr.project.controller.BaseControllerTest" time="0.003"/>
  <testcase name="testGetDroneById" classname="lapr.project.controller.BaseControllerTest" time="0.003"/>
  <testcase name="testGetClienteByNif" classname="lapr.project.controller.BaseControllerTest" time="0.006"/>
  <testcase name="testNovaFarmacia" classname="lapr.project.controller.BaseControllerTest" time="0.001"/>
  <testcase name="testAdicionarDrone" classname="lapr.project.controller.BaseControllerTest" time="0.002"/>
  <testcase name="testLoginAdminEmailEmpty" classname="lapr.project.controller.BaseControllerTest" time="0.002"/>
  <testcase name="testAdicionarScooter" classname="lapr.project.controller.BaseControllerTest" time="0.003"/>
  <testcase name="testGetIdFarmaciaPorUtilizador" classname="lapr.project.controller.BaseControllerTest" time="0.004"/>
  <testcase name="testGetStockArtigo" classname="lapr.project.controller.BaseControllerTest" time="0.002"/>
  <testcase name="testGetEstafetaDisponivelParaEntrega" classname="lapr.project.controller.BaseControllerTest" time="0.003"/>
  <testcase name="testUpdateCapacidadeParque" classname="lapr.project.controller.BaseControllerTest" time="0.002"/>
  <testcase name="testRemoverDroneNotOk" classname="lapr.project.controller.BaseControllerTest" time="0.003"/>
  <testcase name="testRemoverDrone" classname="lapr.project.controller.BaseControllerTest" time="0.001"/>
  <testcase name="testRegistarEntrega" classname="lapr.project.controller.BaseControllerTest" time="0.003"/>
  <testcase name="testRemoverFarmacia" classname="lapr.project.controller.BaseControllerTest" time="0.003"/>
  <testcase name="testGetOcupacaoEstafetaNotOk" classname="lapr.project.controller.BaseControllerTest" time="0.003"/>
  <testcase name="testGetOcupacaoEstafeta" classname="lapr.project.controller.BaseControllerTest" time="0.001"/>
  <testcase name="testGetDroneParaEntrega" classname="lapr.project.controller.BaseControllerTest" time="0.004"/>
  <testcase name="testGetAllFarmacias" classname="lapr.project.controller.BaseControllerTest" time="0.005"/>
  <testcase name="testAtualizarScooterNotOk" classname="lapr.project.controller.BaseControllerTest" time="0.001"/>
  <testcase name="testRemoverScooter" classname="lapr.project.controller.BaseControllerTest" time="0.002"/>
  <testcase name="testLoginAdmin" classname="lapr.project.controller.BaseControllerTest" time="0.002"/>
  <testcase name="testRemoverParqueNotOk" classname="lapr.project.controller.BaseControllerTest" time="0.002"/>
  <testcase name="testGetArtigoById" classname="lapr.project.controller.BaseControllerTest" time="0.002"/>
  <testcase name="testCriarEncomenda" classname="lapr.project.controller.BaseControllerTest" time="0.002"/>
  <testcase name="testRemoverParque" classname="lapr.project.controller.BaseControllerTest" time="0.002"/>
  <testcase name="testAtualizarFarmacia" classname="lapr.project.controller.BaseControllerTest" time="0.002"/>
  <testcase name="testGetClienteByNifNull" classname="lapr.project.controller.BaseControllerTest" time="0.001"/>
  <testcase name="testGetIdEnderecoPorFarmacia" classname="lapr.project.controller.BaseControllerTest" time="0.002"/>
  <testcase name="testValidarAdmin" classname="lapr.project.controller.BaseControllerTest" time="0.002"/>
  <testcase name="testAtualizarDrone" classname="lapr.project.controller.BaseControllerTest" time="0.003"/>
  <testcase name="testCriarParque" classname="lapr.project.controller.BaseControllerTest" time="0.002"/>
</testsuite>